L 11/11/2012 - 12:57:25: Log file started (file "logs\L1111009.log") (game "cstrike") (version "48/1.1.2.6/5758")
L 11/11/2012 - 12:57:28: World triggered "Round_Start"
L 11/11/2012 - 12:57:52: [DPROTO]: Client 0 - Set AuthIdType 8 [dproto]; pClient = 066D14A0
L 11/11/2012 - 12:57:52: "MxLoL<1><STEAM_ID_LAN><>" connected, address "177.96.233.237:42853"
L 11/11/2012 - 12:57:52: Kick: "MxLoL<1><STEAM_ID_LAN><>" was kicked by "Console" (message ""Acesso definido so para Administradores."")
L 11/11/2012 - 12:58:01: [DPROTO]: Client 0 - Set AuthIdType 8 [dproto]; pClient = 066D14A0
L 11/11/2012 - 12:58:01: "MxLoL<2><STEAM_ID_LAN><>" connected, address "177.96.233.237:42853"
L 11/11/2012 - 12:58:30: "MxLoL<2><STEAM_ID_LAN><>" entered the game
L 11/11/2012 - 12:58:50: [DPROTO]: Client 1 - Set AuthIdType 8 [dproto]; pClient = 066D64B8
L 11/11/2012 - 12:58:50: "Mns # KuuyKaa<3><STEAM_ID_LAN><>" connected, address "187.21.52.66:64257"
L 11/11/2012 - 12:58:53: "MxLoL<2><STEAM_ID_LAN><>" joined team "CT"
L 11/11/2012 - 12:58:54: "Mns # KuuyKaa<3><STEAM_ID_LAN><>" entered the game
L 11/11/2012 - 12:58:56: "Mns # KuuyKaa<3><STEAM_ID_LAN><>" joined team "CT"
L 11/11/2012 - 12:58:59: "Mns # KuuyKaa<3><STEAM_ID_LAN><CT>" say "aleluia em"
L 11/11/2012 - 12:59:07: "MxLoL<2><STEAM_ID_LAN><>" triggered "amx_tsay" (text "QM EH?") (color "branco")
L 11/11/2012 - 12:59:10: "Mns # KuuyKaa<3><STEAM_ID_LAN><CT>" say "Gustavo"
L 11/11/2012 - 12:59:13: "MxLoL<2><STEAM_ID_LAN><>" triggered "amx_tsay" (text "A SIm") (color "branco")
L 11/11/2012 - 12:59:22: "Mns # KuuyKaa<3><STEAM_ID_LAN><CT>" say "manda vip ai"
L 11/11/2012 - 12:59:25: "MxLoL<2><STEAM_ID_LAN><>" triggered "amx_tsay" (text "OK") (color "branco")
L 11/11/2012 - 12:59:47: "Mns # KuuyKaa<3><STEAM_ID_LAN><CT>" changed name to "Fx"
L 11/11/2012 - 12:59:52: "Fx<3><STEAM_ID_LAN><CT>" disconnected
L 11/11/2012 - 12:59:52: [DPROTO]: Client 1 - Set AuthIdType 8 [dproto]; pClient = 066D64B8
L 11/11/2012 - 12:59:52: "Fx<4><STEAM_ID_LAN><>" connected, address "187.21.52.66:64257"
L 11/11/2012 - 12:59:56: "Fx<4><STEAM_ID_LAN><>" entered the game
L 11/11/2012 - 12:59:57: "Fx<4><STEAM_ID_LAN><>" joined team "CT"
L 11/11/2012 - 13:00:00: "MxLoL<2><STEAM_ID_LAN><>" triggered "amx_tsay" (text "PEGO") (color "branco")
L 11/11/2012 - 13:00:01: "MxLoL<2><STEAM_ID_LAN><>" triggered "amx_tsay" (text "?") (color "branco")
L 11/11/2012 - 13:00:05: "Fx<4><STEAM_ID_LAN><CT>" say "/shop"
L 11/11/2012 - 13:00:05: "MxLoL<2><STEAM_ID_LAN><>" triggered "amx_tsay" (text "PEGO?") (color "branco")
L 11/11/2012 - 13:00:08: "Fx<4><STEAM_ID_LAN><CT>" say "s"
L 11/11/2012 - 13:00:14: "MxLoL<2><STEAM_ID_LAN><CT>" say "oi"
L 11/11/2012 - 13:00:15: "MxLoL<2><STEAM_ID_LAN><CT>" say "oi"
L 11/11/2012 - 13:00:15: "Fx<4><STEAM_ID_LAN><CT>" say "como fico bananinha ?"
L 11/11/2012 - 13:00:16: "MxLoL<2><STEAM_ID_LAN><CT>" say "oi"
L 11/11/2012 - 13:00:19: "MxLoL<2><STEAM_ID_LAN><CT>" say "ake"
L 11/11/2012 - 13:00:19: "Fx<4><STEAM_ID_LAN><CT>" say "oi"
L 11/11/2012 - 13:00:29: "Fx<4><STEAM_ID_LAN><CT>" say "coomo pego banana ?"
L 11/11/2012 - 13:00:57: "Fx<4><STEAM_ID_LAN><CT>" say "?"
L 11/11/2012 - 13:02:05: [DPROTO]: TryAuthRevEmu: AuthString = 'WDWCAHE1280756'
L 11/11/2012 - 13:02:05: [DPROTO]: Client 2 - Set AuthIdType 1 [dp_RevEmu]; pClient = 066DB4D0
L 11/11/2012 - 13:02:05: "Malon<5><STEAM_0:0:942529954><>" connected, address "177.96.233.237:35737"
L 11/11/2012 - 13:02:17: [DPROTO]: TryAuthRevEmu: AuthString = 'WDWCAHE1280756'
L 11/11/2012 - 13:02:17: [DPROTO]: Client 2 - Set AuthIdType 1 [dp_RevEmu]; pClient = 066DB4D0
L 11/11/2012 - 13:02:17: "Malon<6><STEAM_0:0:942529954><>" connected, address "177.96.233.237:35737"
L 11/11/2012 - 13:02:20: [DPROTO]: Client 2 - Set AuthIdType 8 [dproto]; pClient = 066DB4D0
L 11/11/2012 - 13:02:20: "XoroDaQuiiT (:<7><STEAM_ID_LAN><>" connected, address "189.74.77.70:20571"
L 11/11/2012 - 13:02:28: "XoroDaQuiiT (:<7><STEAM_ID_LAN><>" entered the game
L 11/11/2012 - 13:02:36: "XoroDaQuiiT (:<7><STEAM_ID_LAN><CT>" joined team "CT"
L 11/11/2012 - 13:02:38: "Fx<4><STEAM_ID_LAN><CT>" say "xoroda